<?xml version="1.0" encoding="UTF-8"?>
<testsuite name="Zad1Spec" tests="1" skipped="0" failures="0" errors="0" timestamp="2019-11-02T17:55:20" hostname="DESKTOP-NOTRLM3" time="0.002">
  <properties/>
  <testcase name="whenAllBoxesAreFilledThenDraw" classname="Zad1Spec" time="0.002"/>
  <system-out><![CDATA[]]></system-out>
  <system-err><![CDATA[]]></system-err>
</testsuite>
